<?xml version="1.0" encoding="UTF-8"?>
<testng-results skipped="0" failed="0" ignored="0" total="1" passed="1">
  <reporter-output>
  </reporter-output>
  <suite name="Default suite" duration-ms="36" started-at="2021-06-07T10:33:42Z" finished-at="2021-06-07T10:33:42Z">
    <groups>
    </groups>
    <test name="Default test" duration-ms="36" started-at="2021-06-07T10:33:42Z" finished-at="2021-06-07T10:33:42Z">
      <class name="com.sj.asp">
        <test-method status="PASS" signature="m1()[pri:0, instance:com.sj.asp@5be6e01c]" name="m1" duration-ms="10" started-at="2021-06-07T10:33:42Z" finished-at="2021-06-07T10:33:42Z">
          <reporter-output>
          </reporter-output>
        </test-method> <!-- m1 -->
      </class> <!-- com.sj.asp -->
    </test> <!-- Default test -->
  </suite> <!-- Default suite -->
</testng-results>
